[2023-12-11 18:40:50](INFO)<psp.unidad02.actividad205.IndexServer>: Inicio de la aplicación
[2023-12-11 18:40:50](INFO)<psp.unidad02.actividad205.properties.PropertiesProcessor>: Procesando propiedades del archivo server.properties
[2023-12-11 18:40:50](INFO)<psp.unidad02.actividad205.properties.PropertiesProcessor>: Valor de la propiedad "outputFile" es: "index.idx".
[2023-12-11 18:40:50](INFO)<psp.unidad02.actividad205.properties.PropertiesProcessor>: Procesando propiedades del archivo server.properties
[2023-12-11 18:40:50](INFO)<psp.unidad02.actividad205.properties.PropertiesProcessor>: Valor de la propiedad "inputFolder" es: "input".
[2023-12-11 18:40:50](INFO)<psp.unidad02.actividad205.IndexServer>: Fichero de salida: index.idx | Carpeta de entrada: input
[2023-12-11 18:40:50](INFO)<psp.unidad02.actividad205.threads.Dispatcher>: Carpeta ya existe
[2023-12-11 18:40:50](INFO)<psp.unidad02.actividad205.threads.Dispatcher>: Monitoreando carpeta: input
[2023-12-11 18:41:02](INFO)<psp.unidad02.actividad205.threads.Dispatcher>: Archivo detectado
[2023-12-11 18:41:02](INFO)<psp.unidad02.actividad205.threads.Dispatcher>: Archivo es txt (input\prueba1.txt). Creando hilo
[2023-12-11 18:41:02](INFO)<psp.unidad02.actividad205.threads.Dispatcher>: Hilo worker creado. Worker nº1
[2023-12-11 18:41:02](INFO)<psp.unidad02.actividad205.threads.WorkerThread>: Hilo worker empezando. ID: 1
[2023-12-11 18:41:02](INFO)<psp.unidad02.actividad205.indexes.SharedIndex>: Añadiendo índice a la palabra: "aprende"
[2023-12-11 18:41:02](INFO)<psp.unidad02.actividad205.indexes.SharedIndex>: Añadiendo índice a la palabra: "java"
[2023-12-11 18:41:02](INFO)<psp.unidad02.actividad205.indexes.SharedIndex>: Añadiendo índice a la palabra: "con"
[2023-12-11 18:41:02](INFO)<psp.unidad02.actividad205.indexes.SharedIndex>: Añadiendo índice a la palabra: "ejercicios"
[2023-12-11 18:41:02](INFO)<psp.unidad02.actividad205.indexes.SharedIndex>: Añadiendo índice a la palabra: "es"
[2023-12-11 18:41:02](INFO)<psp.unidad02.actividad205.indexes.SharedIndex>: Añadiendo índice a la palabra: "un"
[2023-12-11 18:41:02](INFO)<psp.unidad02.actividad205.indexes.SharedIndex>: Añadiendo índice a la palabra: "manual"
[2023-12-11 18:41:02](INFO)<psp.unidad02.actividad205.indexes.SharedIndex>: Añadiendo índice a la palabra: "práctico"
[2023-12-11 18:41:02](INFO)<psp.unidad02.actividad205.indexes.SharedIndex>: Añadiendo índice a la palabra: "para"
[2023-12-11 18:41:02](INFO)<psp.unidad02.actividad205.indexes.SharedIndex>: Añadiendo índice a la palabra: "aprender"
[2023-12-11 18:41:02](INFO)<psp.unidad02.actividad205.indexes.SharedIndex>: Añadiendo índice a la palabra: "a"
[2023-12-11 18:41:02](INFO)<psp.unidad02.actividad205.indexes.SharedIndex>: Añadiendo índice a la palabra: "programar"
[2023-12-11 18:41:02](INFO)<psp.unidad02.actividad205.indexes.SharedIndex>: Añadiendo índice a la palabra: "en"
[2023-12-11 18:41:02](INFO)<psp.unidad02.actividad205.indexes.SharedIndex>: Añadiendo índice a la palabra: "java"
[2023-12-11 18:41:02](INFO)<psp.unidad02.actividad205.indexes.SharedIndex>: Añadiendo índice a la palabra: "desde"
[2023-12-11 18:41:02](INFO)<psp.unidad02.actividad205.indexes.SharedIndex>: Añadiendo índice a la palabra: "cero"
[2023-12-11 18:41:02](INFO)<psp.unidad02.actividad205.indexes.SharedIndex>: Añadiendo índice a la palabra: "no"
[2023-12-11 18:41:02](INFO)<psp.unidad02.actividad205.indexes.SharedIndex>: Añadiendo índice a la palabra: "es"
[2023-12-11 18:41:02](INFO)<psp.unidad02.actividad205.indexes.SharedIndex>: Añadiendo índice a la palabra: "necesario"
[2023-12-11 18:41:02](INFO)<psp.unidad02.actividad205.indexes.SharedIndex>: Añadiendo índice a la palabra: "tener"
[2023-12-11 18:41:02](INFO)<psp.unidad02.actividad205.indexes.SharedIndex>: Añadiendo índice a la palabra: "conocimientos"
[2023-12-11 18:41:02](INFO)<psp.unidad02.actividad205.indexes.SharedIndex>: Añadiendo índice a la palabra: "previos"
[2023-12-11 18:41:02](INFO)<psp.unidad02.actividad205.indexes.SharedIndex>: Añadiendo índice a la palabra: "de"
[2023-12-11 18:41:02](INFO)<psp.unidad02.actividad205.indexes.SharedIndex>: Añadiendo índice a la palabra: "programación"
[2023-12-11 18:41:02](INFO)<psp.unidad02.actividad205.indexes.SharedIndex>: Añadiendo índice a la palabra: "la"
[2023-12-11 18:41:02](INFO)<psp.unidad02.actividad205.indexes.SharedIndex>: Añadiendo índice a la palabra: "dificultad"
[2023-12-11 18:41:02](INFO)<psp.unidad02.actividad205.indexes.SharedIndex>: Añadiendo índice a la palabra: "del"
[2023-12-11 18:41:02](INFO)<psp.unidad02.actividad205.indexes.SharedIndex>: Añadiendo índice a la palabra: "libro"
[2023-12-11 18:41:02](INFO)<psp.unidad02.actividad205.indexes.SharedIndex>: Añadiendo índice a la palabra: "es"
[2023-12-11 18:41:02](INFO)<psp.unidad02.actividad205.indexes.SharedIndex>: Añadiendo índice a la palabra: "gradual"
[2023-12-11 18:41:02](INFO)<psp.unidad02.actividad205.indexes.SharedIndex>: Añadiendo índice a la palabra: "empieza"
[2023-12-11 18:41:02](INFO)<psp.unidad02.actividad205.indexes.SharedIndex>: Añadiendo índice a la palabra: "con"
[2023-12-11 18:41:02](INFO)<psp.unidad02.actividad205.indexes.SharedIndex>: Añadiendo índice a la palabra: "conceptos"
[2023-12-11 18:41:02](INFO)<psp.unidad02.actividad205.indexes.SharedIndex>: Añadiendo índice a la palabra: "muy"
[2023-12-11 18:41:02](INFO)<psp.unidad02.actividad205.indexes.SharedIndex>: Añadiendo índice a la palabra: "básicos"
[2023-12-11 18:41:02](INFO)<psp.unidad02.actividad205.indexes.SharedIndex>: Añadiendo índice a la palabra: "y"
[2023-12-11 18:41:02](INFO)<psp.unidad02.actividad205.indexes.SharedIndex>: Añadiendo índice a la palabra: "ejercicios"
[2023-12-11 18:41:02](INFO)<psp.unidad02.actividad205.indexes.SharedIndex>: Añadiendo índice a la palabra: "muy"
[2023-12-11 18:41:02](INFO)<psp.unidad02.actividad205.indexes.SharedIndex>: Añadiendo índice a la palabra: "sencillos"
[2023-12-11 18:41:02](INFO)<psp.unidad02.actividad205.indexes.SharedIndex>: Añadiendo índice a la palabra: "y"
[2023-12-11 18:41:02](INFO)<psp.unidad02.actividad205.indexes.SharedIndex>: Añadiendo índice a la palabra: "va"
[2023-12-11 18:41:02](INFO)<psp.unidad02.actividad205.indexes.SharedIndex>: Añadiendo índice a la palabra: "aumentando"
[2023-12-11 18:41:02](INFO)<psp.unidad02.actividad205.indexes.SharedIndex>: Añadiendo índice a la palabra: "en"
[2023-12-11 18:41:02](INFO)<psp.unidad02.actividad205.indexes.SharedIndex>: Añadiendo índice a la palabra: "complejidad"
[2023-12-11 18:41:02](INFO)<psp.unidad02.actividad205.indexes.SharedIndex>: Añadiendo índice a la palabra: "y"
[2023-12-11 18:41:02](INFO)<psp.unidad02.actividad205.indexes.SharedIndex>: Añadiendo índice a la palabra: "dificultad"
[2023-12-11 18:41:02](INFO)<psp.unidad02.actividad205.indexes.SharedIndex>: Añadiendo índice a la palabra: "a"
[2023-12-11 18:41:02](INFO)<psp.unidad02.actividad205.indexes.SharedIndex>: Añadiendo índice a la palabra: "medida"
[2023-12-11 18:41:02](INFO)<psp.unidad02.actividad205.indexes.SharedIndex>: Añadiendo índice a la palabra: "que"
[2023-12-11 18:41:02](INFO)<psp.unidad02.actividad205.indexes.SharedIndex>: Añadiendo índice a la palabra: "avanzan"
[2023-12-11 18:41:02](INFO)<psp.unidad02.actividad205.indexes.SharedIndex>: Añadiendo índice a la palabra: "los"
[2023-12-11 18:41:02](INFO)<psp.unidad02.actividad205.indexes.SharedIndex>: Añadiendo índice a la palabra: "capítulos"
[2023-12-11 18:41:02](INFO)<psp.unidad02.actividad205.indexes.SharedIndex>: Añadiendo índice a la palabra: "la"
[2023-12-11 18:41:02](INFO)<psp.unidad02.actividad205.indexes.SharedIndex>: Añadiendo índice a la palabra: "práctica"
[2023-12-11 18:41:02](INFO)<psp.unidad02.actividad205.indexes.SharedIndex>: Añadiendo índice a la palabra: "hace"
[2023-12-11 18:41:02](INFO)<psp.unidad02.actividad205.indexes.SharedIndex>: Añadiendo índice a la palabra: "al"
[2023-12-11 18:41:02](INFO)<psp.unidad02.actividad205.indexes.SharedIndex>: Añadiendo índice a la palabra: "maestro"
[2023-12-11 18:41:02](INFO)<psp.unidad02.actividad205.indexes.SharedIndex>: Añadiendo índice a la palabra: "como"
[2023-12-11 18:41:02](INFO)<psp.unidad02.actividad205.indexes.SharedIndex>: Añadiendo índice a la palabra: "de"
[2023-12-11 18:41:02](INFO)<psp.unidad02.actividad205.indexes.SharedIndex>: Añadiendo índice a la palabra: "verdad"
[2023-12-11 18:41:02](INFO)<psp.unidad02.actividad205.indexes.SharedIndex>: Añadiendo índice a la palabra: "se"
[2023-12-11 18:41:02](INFO)<psp.unidad02.actividad205.indexes.SharedIndex>: Añadiendo índice a la palabra: "aprende"
[2023-12-11 18:41:02](INFO)<psp.unidad02.actividad205.indexes.SharedIndex>: Añadiendo índice a la palabra: "a"
[2023-12-11 18:41:02](INFO)<psp.unidad02.actividad205.indexes.SharedIndex>: Añadiendo índice a la palabra: "programar"
[2023-12-11 18:41:02](INFO)<psp.unidad02.actividad205.indexes.SharedIndex>: Añadiendo índice a la palabra: "es"
[2023-12-11 18:41:02](INFO)<psp.unidad02.actividad205.indexes.SharedIndex>: Añadiendo índice a la palabra: "programando"
[2023-12-11 18:41:02](INFO)<psp.unidad02.actividad205.indexes.SharedIndex>: Añadiendo índice a la palabra: "desde"
[2023-12-11 18:41:02](INFO)<psp.unidad02.actividad205.indexes.SharedIndex>: Añadiendo índice a la palabra: "el"
[2023-12-11 18:41:02](INFO)<psp.unidad02.actividad205.indexes.SharedIndex>: Añadiendo índice a la palabra: "principio"
[2023-12-11 18:41:02](INFO)<psp.unidad02.actividad205.indexes.SharedIndex>: Añadiendo índice a la palabra: "y"
[2023-12-11 18:41:02](INFO)<psp.unidad02.actividad205.indexes.SharedIndex>: Añadiendo índice a la palabra: "esa"
[2023-12-11 18:41:02](INFO)<psp.unidad02.actividad205.indexes.SharedIndex>: Añadiendo índice a la palabra: "es"
[2023-12-11 18:41:02](INFO)<psp.unidad02.actividad205.indexes.SharedIndex>: Añadiendo índice a la palabra: "la"
[2023-12-11 18:41:02](INFO)<psp.unidad02.actividad205.indexes.SharedIndex>: Añadiendo índice a la palabra: "filosofía"
[2023-12-11 18:41:02](INFO)<psp.unidad02.actividad205.indexes.SharedIndex>: Añadiendo índice a la palabra: "que"
[2023-12-11 18:41:02](INFO)<psp.unidad02.actividad205.indexes.SharedIndex>: Añadiendo índice a la palabra: "sigue"
[2023-12-11 18:41:02](INFO)<psp.unidad02.actividad205.indexes.SharedIndex>: Añadiendo índice a la palabra: "este"
[2023-12-11 18:41:02](INFO)<psp.unidad02.actividad205.indexes.SharedIndex>: Añadiendo índice a la palabra: "libro"
[2023-12-11 18:41:02](INFO)<psp.unidad02.actividad205.indexes.SharedIndex>: Añadiendo índice a la palabra: "en"
[2023-12-11 18:41:02](INFO)<psp.unidad02.actividad205.indexes.SharedIndex>: Añadiendo índice a la palabra: "cada"
[2023-12-11 18:41:02](INFO)<psp.unidad02.actividad205.indexes.SharedIndex>: Añadiendo índice a la palabra: "capítulo"
[2023-12-11 18:41:02](INFO)<psp.unidad02.actividad205.indexes.SharedIndex>: Añadiendo índice a la palabra: "se"
[2023-12-11 18:41:02](INFO)<psp.unidad02.actividad205.indexes.SharedIndex>: Añadiendo índice a la palabra: "explican"
[2023-12-11 18:41:02](INFO)<psp.unidad02.actividad205.indexes.SharedIndex>: Añadiendo índice a la palabra: "una"
[2023-12-11 18:41:02](INFO)<psp.unidad02.actividad205.indexes.SharedIndex>: Añadiendo índice a la palabra: "serie"
[2023-12-11 18:41:02](INFO)<psp.unidad02.actividad205.indexes.SharedIndex>: Añadiendo índice a la palabra: "de"
[2023-12-11 18:41:02](INFO)<psp.unidad02.actividad205.threads.Dispatcher>: Archivo detectado
[2023-12-11 18:41:02](INFO)<psp.unidad02.actividad205.indexes.SharedIndex>: Añadiendo índice a la palabra: "conceptos"
[2023-12-11 18:41:02](INFO)<psp.unidad02.actividad205.threads.Dispatcher>: Archivo es txt (input\prueba2.txt). Creando hilo
[2023-12-11 18:41:02](INFO)<psp.unidad02.actividad205.indexes.SharedIndex>: Añadiendo índice a la palabra: "de"
[2023-12-11 18:41:02](INFO)<psp.unidad02.actividad205.threads.Dispatcher>: Hilo worker creado. Worker nº2
[2023-12-11 18:41:02](INFO)<psp.unidad02.actividad205.threads.WorkerThread>: Hilo worker empezando. ID: 2
[2023-12-11 18:41:02](INFO)<psp.unidad02.actividad205.indexes.SharedIndex>: Añadiendo índice a la palabra: "programación"
[2023-12-11 18:41:02](INFO)<psp.unidad02.actividad205.indexes.SharedIndex>: Añadiendo índice a la palabra: "y"
[2023-12-11 18:41:02](INFO)<psp.unidad02.actividad205.indexes.SharedIndex>: Añadiendo índice a la palabra: "se"
[2023-12-11 18:41:02](INFO)<psp.unidad02.actividad205.indexes.SharedIndex>: Añadiendo índice a la palabra: "ilustran"
[2023-12-11 18:41:02](INFO)<psp.unidad02.actividad205.indexes.SharedIndex>: Añadiendo índice a la palabra: "con"
[2023-12-11 18:41:02](INFO)<psp.unidad02.actividad205.indexes.SharedIndex>: Añadiendo índice a la palabra: "java"
[2023-12-11 18:41:02](INFO)<psp.unidad02.actividad205.indexes.SharedIndex>: Añadiendo índice a la palabra: "ejemplos"
[2023-12-11 18:41:02](INFO)<psp.unidad02.actividad205.indexes.SharedIndex>: Añadiendo índice a la palabra: "al"
[2023-12-11 18:41:02](INFO)<psp.unidad02.actividad205.indexes.SharedIndex>: Añadiendo índice a la palabra: "final"
[2023-12-11 18:41:02](INFO)<psp.unidad02.actividad205.indexes.SharedIndex>: Añadiendo índice a la palabra: "es"
[2023-12-11 18:41:02](INFO)<psp.unidad02.actividad205.indexes.SharedIndex>: Añadiendo índice a la palabra: "de"
[2023-12-11 18:41:02](INFO)<psp.unidad02.actividad205.indexes.SharedIndex>: Añadiendo índice a la palabra: "un"
[2023-12-11 18:41:02](INFO)<psp.unidad02.actividad205.indexes.SharedIndex>: Añadiendo índice a la palabra: "cada"
[2023-12-11 18:41:02](INFO)<psp.unidad02.actividad205.indexes.SharedIndex>: Añadiendo índice a la palabra: "lenguaje"
[2023-12-11 18:41:02](INFO)<psp.unidad02.actividad205.indexes.SharedIndex>: Añadiendo índice a la palabra: "uno"
[2023-12-11 18:41:02](INFO)<psp.unidad02.actividad205.indexes.SharedIndex>: Añadiendo índice a la palabra: "de"
[2023-12-11 18:41:02](INFO)<psp.unidad02.actividad205.indexes.SharedIndex>: Añadiendo índice a la palabra: "de"
[2023-12-11 18:41:02](INFO)<psp.unidad02.actividad205.indexes.SharedIndex>: Añadiendo índice a la palabra: "programación"
[2023-12-11 18:41:02](INFO)<psp.unidad02.actividad205.indexes.SharedIndex>: Añadiendo índice a la palabra: "los"
[2023-12-11 18:41:02](INFO)<psp.unidad02.actividad205.indexes.SharedIndex>: Añadiendo índice a la palabra: "es"
[2023-12-11 18:41:02](INFO)<psp.unidad02.actividad205.indexes.SharedIndex>: Añadiendo índice a la palabra: "capítulos"
[2023-12-11 18:41:02](INFO)<psp.unidad02.actividad205.indexes.SharedIndex>: Añadiendo índice a la palabra: "de"
[2023-12-11 18:41:02](INFO)<psp.unidad02.actividad205.indexes.SharedIndex>: Añadiendo índice a la palabra: "se"
[2023-12-11 18:41:02](INFO)<psp.unidad02.actividad205.indexes.SharedIndex>: Añadiendo índice a la palabra: "hecho"
[2023-12-11 18:41:02](INFO)<psp.unidad02.actividad205.indexes.SharedIndex>: Añadiendo índice a la palabra: "plantean"
[2023-12-11 18:41:02](INFO)<psp.unidad02.actividad205.indexes.SharedIndex>: Añadiendo índice a la palabra: "desde"
[2023-12-11 18:41:02](INFO)<psp.unidad02.actividad205.indexes.SharedIndex>: Añadiendo índice a la palabra: "ejercicios"
[2023-12-11 18:41:02](INFO)<psp.unidad02.actividad205.indexes.SharedIndex>: Añadiendo índice a la palabra: "hace"
[2023-12-11 18:41:02](INFO)<psp.unidad02.actividad205.indexes.SharedIndex>: Añadiendo índice a la palabra: "de"
[2023-12-11 18:41:02](INFO)<psp.unidad02.actividad205.indexes.SharedIndex>: Añadiendo índice a la palabra: "más"
[2023-12-11 18:41:02](INFO)<psp.unidad02.actividad205.indexes.SharedIndex>: Añadiendo índice a la palabra: "diferente"
[2023-12-11 18:41:02](INFO)<psp.unidad02.actividad205.indexes.SharedIndex>: Añadiendo índice a la palabra: "de"
[2023-12-11 18:41:02](INFO)<psp.unidad02.actividad205.indexes.SharedIndex>: Añadiendo índice a la palabra: "dificultad"
[2023-12-11 18:41:02](INFO)<psp.unidad02.actividad205.indexes.SharedIndex>: Añadiendo índice a la palabra: "años"
[2023-12-11 18:41:02](INFO)<psp.unidad02.actividad205.threads.WorkerThread>: Hilo worker terminó. ID: 1
[2023-12-11 18:41:02](INFO)<psp.unidad02.actividad205.indexes.SharedIndex>: Añadiendo índice a la palabra: "el"
[2023-12-11 18:41:02](INFO)<psp.unidad02.actividad205.indexes.SharedIndex>: Añadiendo índice a la palabra: "lenguaje"
[2023-12-11 18:41:02](INFO)<psp.unidad02.actividad205.indexes.SharedIndex>: Añadiendo índice a la palabra: "de"
[2023-12-11 18:41:02](INFO)<psp.unidad02.actividad205.indexes.SharedIndex>: Añadiendo índice a la palabra: "programación"
[2023-12-11 18:41:02](INFO)<psp.unidad02.actividad205.indexes.SharedIndex>: Añadiendo índice a la palabra: "más"
[2023-12-11 18:41:02](INFO)<psp.unidad02.actividad205.indexes.SharedIndex>: Añadiendo índice a la palabra: "utilizado"
[2023-12-11 18:41:02](INFO)<psp.unidad02.actividad205.indexes.SharedIndex>: Añadiendo índice a la palabra: "en"
[2023-12-11 18:41:02](INFO)<psp.unidad02.actividad205.indexes.SharedIndex>: Añadiendo índice a la palabra: "el"
[2023-12-11 18:41:02](INFO)<psp.unidad02.actividad205.indexes.SharedIndex>: Añadiendo índice a la palabra: "mundo"
[2023-12-11 18:41:02](INFO)<psp.unidad02.actividad205.indexes.SharedIndex>: Añadiendo índice a la palabra: "según"
[2023-12-11 18:41:02](INFO)<psp.unidad02.actividad205.indexes.SharedIndex>: Añadiendo índice a la palabra: "el"
[2023-12-11 18:41:02](INFO)<psp.unidad02.actividad205.indexes.SharedIndex>: Añadiendo índice a la palabra: "índice"
[2023-12-11 18:41:02](INFO)<psp.unidad02.actividad205.indexes.SharedIndex>: Añadiendo índice a la palabra: "pypl"
[2023-12-11 18:41:02](INFO)<psp.unidad02.actividad205.indexes.SharedIndex>: Añadiendo índice a la palabra: "popularity"
[2023-12-11 18:41:02](INFO)<psp.unidad02.actividad205.indexes.SharedIndex>: Añadiendo índice a la palabra: "of"
[2023-12-11 18:41:02](INFO)<psp.unidad02.actividad205.indexes.SharedIndex>: Añadiendo índice a la palabra: "programming"
[2023-12-11 18:41:02](INFO)<psp.unidad02.actividad205.indexes.SharedIndex>: Añadiendo índice a la palabra: "language"
[2023-12-11 18:41:02](INFO)<psp.unidad02.actividad205.indexes.SharedIndex>: Añadiendo índice a la palabra: "index"
[2023-12-11 18:41:02](INFO)<psp.unidad02.actividad205.indexes.SharedIndex>: Añadiendo índice a la palabra: "los"
[2023-12-11 18:41:02](INFO)<psp.unidad02.actividad205.indexes.SharedIndex>: Añadiendo índice a la palabra: "ordenadores"
[2023-12-11 18:41:02](INFO)<psp.unidad02.actividad205.indexes.SharedIndex>: Añadiendo índice a la palabra: "no"
[2023-12-11 18:41:02](INFO)<psp.unidad02.actividad205.indexes.SharedIndex>: Añadiendo índice a la palabra: "entienden"
[2023-12-11 18:41:02](INFO)<psp.unidad02.actividad205.indexes.SharedIndex>: Añadiendo índice a la palabra: "por"
[2023-12-11 18:41:02](INFO)<psp.unidad02.actividad205.indexes.SharedIndex>: Añadiendo índice a la palabra: "ahora"
[2023-12-11 18:41:02](INFO)<psp.unidad02.actividad205.indexes.SharedIndex>: Añadiendo índice a la palabra: "el"
[2023-12-11 18:41:02](INFO)<psp.unidad02.actividad205.indexes.SharedIndex>: Añadiendo índice a la palabra: "español"
[2023-12-11 18:41:02](INFO)<psp.unidad02.actividad205.indexes.SharedIndex>: Añadiendo índice a la palabra: "ni"
[2023-12-11 18:41:02](INFO)<psp.unidad02.actividad205.indexes.SharedIndex>: Añadiendo índice a la palabra: "el"
[2023-12-11 18:41:02](INFO)<psp.unidad02.actividad205.indexes.SharedIndex>: Añadiendo índice a la palabra: "inglés"
[2023-12-11 18:41:02](INFO)<psp.unidad02.actividad205.indexes.SharedIndex>: Añadiendo índice a la palabra: "ni"
[2023-12-11 18:41:02](INFO)<psp.unidad02.actividad205.indexes.SharedIndex>: Añadiendo índice a la palabra: "ningún"
[2023-12-11 18:41:02](INFO)<psp.unidad02.actividad205.indexes.SharedIndex>: Añadiendo índice a la palabra: "otro"
[2023-12-11 18:41:02](INFO)<psp.unidad02.actividad205.indexes.SharedIndex>: Añadiendo índice a la palabra: "idioma"
[2023-12-11 18:41:02](INFO)<psp.unidad02.actividad205.indexes.SharedIndex>: Añadiendo índice a la palabra: "natural"
[2023-12-11 18:41:02](INFO)<psp.unidad02.actividad205.indexes.SharedIndex>: Añadiendo índice a la palabra: "de"
[2023-12-11 18:41:02](INFO)<psp.unidad02.actividad205.indexes.SharedIndex>: Añadiendo índice a la palabra: "una"
[2023-12-11 18:41:02](INFO)<psp.unidad02.actividad205.indexes.SharedIndex>: Añadiendo índice a la palabra: "forma"
[2023-12-11 18:41:02](INFO)<psp.unidad02.actividad205.indexes.SharedIndex>: Añadiendo índice a la palabra: "muy"
[2023-12-11 18:41:02](INFO)<psp.unidad02.actividad205.indexes.SharedIndex>: Añadiendo índice a la palabra: "simplificada"
[2023-12-11 18:41:02](INFO)<psp.unidad02.actividad205.indexes.SharedIndex>: Añadiendo índice a la palabra: "podríamos"
[2023-12-11 18:41:02](INFO)<psp.unidad02.actividad205.indexes.SharedIndex>: Añadiendo índice a la palabra: "decir"
[2023-12-11 18:41:02](INFO)<psp.unidad02.actividad205.indexes.SharedIndex>: Añadiendo índice a la palabra: "que"
[2023-12-11 18:41:02](INFO)<psp.unidad02.actividad205.indexes.SharedIndex>: Añadiendo índice a la palabra: "un"
[2023-12-11 18:41:02](INFO)<psp.unidad02.actividad205.indexes.SharedIndex>: Añadiendo índice a la palabra: "lenguaje"
[2023-12-11 18:41:02](INFO)<psp.unidad02.actividad205.indexes.SharedIndex>: Añadiendo índice a la palabra: "de"
[2023-12-11 18:41:02](INFO)<psp.unidad02.actividad205.indexes.SharedIndex>: Añadiendo índice a la palabra: "programación"
[2023-12-11 18:41:02](INFO)<psp.unidad02.actividad205.indexes.SharedIndex>: Añadiendo índice a la palabra: "es"
[2023-12-11 18:41:02](INFO)<psp.unidad02.actividad205.indexes.SharedIndex>: Añadiendo índice a la palabra: "un"
[2023-12-11 18:41:02](INFO)<psp.unidad02.actividad205.indexes.SharedIndex>: Añadiendo índice a la palabra: "idioma"
[2023-12-11 18:41:02](INFO)<psp.unidad02.actividad205.indexes.SharedIndex>: Añadiendo índice a la palabra: "que"
[2023-12-11 18:41:02](INFO)<psp.unidad02.actividad205.indexes.SharedIndex>: Añadiendo índice a la palabra: "entiende"
[2023-12-11 18:41:02](INFO)<psp.unidad02.actividad205.indexes.SharedIndex>: Añadiendo índice a la palabra: "el"
[2023-12-11 18:41:02](INFO)<psp.unidad02.actividad205.indexes.SharedIndex>: Añadiendo índice a la palabra: "ordenador"
[2023-12-11 18:41:02](INFO)<psp.unidad02.actividad205.indexes.SharedIndex>: Añadiendo índice a la palabra: "cualquier"
[2023-12-11 18:41:02](INFO)<psp.unidad02.actividad205.indexes.SharedIndex>: Añadiendo índice a la palabra: "aplicación"
[2023-12-11 18:41:02](INFO)<psp.unidad02.actividad205.indexes.SharedIndex>: Añadiendo índice a la palabra: "procesador"
[2023-12-11 18:41:02](INFO)<psp.unidad02.actividad205.indexes.SharedIndex>: Añadiendo índice a la palabra: "de"
[2023-12-11 18:41:02](INFO)<psp.unidad02.actividad205.indexes.SharedIndex>: Añadiendo índice a la palabra: "textos"
[2023-12-11 18:41:02](INFO)<psp.unidad02.actividad205.indexes.SharedIndex>: Añadiendo índice a la palabra: "navegador"
[2023-12-11 18:41:02](INFO)<psp.unidad02.actividad205.indexes.SharedIndex>: Añadiendo índice a la palabra: "programa"
[2023-12-11 18:41:02](INFO)<psp.unidad02.actividad205.indexes.SharedIndex>: Añadiendo índice a la palabra: "de"
[2023-12-11 18:41:02](INFO)<psp.unidad02.actividad205.indexes.SharedIndex>: Añadiendo índice a la palabra: "retoque"
[2023-12-11 18:41:02](INFO)<psp.unidad02.actividad205.indexes.SharedIndex>: Añadiendo índice a la palabra: "fotográfico"
[2023-12-11 18:41:02](INFO)<psp.unidad02.actividad205.indexes.SharedIndex>: Añadiendo índice a la palabra: "etc"
[2023-12-11 18:41:02](INFO)<psp.unidad02.actividad205.indexes.SharedIndex>: Añadiendo índice a la palabra: "está"
[2023-12-11 18:41:02](INFO)<psp.unidad02.actividad205.indexes.SharedIndex>: Añadiendo índice a la palabra: "compuesta"
[2023-12-11 18:41:02](INFO)<psp.unidad02.actividad205.indexes.SharedIndex>: Añadiendo índice a la palabra: "de"
[2023-12-11 18:41:02](INFO)<psp.unidad02.actividad205.indexes.SharedIndex>: Añadiendo índice a la palabra: "una"
[2023-12-11 18:41:02](INFO)<psp.unidad02.actividad205.indexes.SharedIndex>: Añadiendo índice a la palabra: "serie"
[2023-12-11 18:41:02](INFO)<psp.unidad02.actividad205.indexes.SharedIndex>: Añadiendo índice a la palabra: "de"
[2023-12-11 18:41:02](INFO)<psp.unidad02.actividad205.indexes.SharedIndex>: Añadiendo índice a la palabra: "instrucciones"
[2023-12-11 18:41:02](INFO)<psp.unidad02.actividad205.indexes.SharedIndex>: Añadiendo índice a la palabra: "convenientemente"
[2023-12-11 18:41:02](INFO)<psp.unidad02.actividad205.indexes.SharedIndex>: Añadiendo índice a la palabra: "empaquetadas"
[2023-12-11 18:41:02](INFO)<psp.unidad02.actividad205.indexes.SharedIndex>: Añadiendo índice a la palabra: "en"
[2023-12-11 18:41:02](INFO)<psp.unidad02.actividad205.indexes.SharedIndex>: Añadiendo índice a la palabra: "ficheros"
[2023-12-11 18:41:02](INFO)<psp.unidad02.actividad205.indexes.SharedIndex>: Añadiendo índice a la palabra: "que"
[2023-12-11 18:41:02](INFO)<psp.unidad02.actividad205.indexes.SharedIndex>: Añadiendo índice a la palabra: "le"
[2023-12-11 18:41:02](INFO)<psp.unidad02.actividad205.indexes.SharedIndex>: Añadiendo índice a la palabra: "dicen"
[2023-12-11 18:41:02](INFO)<psp.unidad02.actividad205.indexes.SharedIndex>: Añadiendo índice a la palabra: "al"
[2023-12-11 18:41:02](INFO)<psp.unidad02.actividad205.indexes.SharedIndex>: Añadiendo índice a la palabra: "ordenador"
[2023-12-11 18:41:02](INFO)<psp.unidad02.actividad205.indexes.SharedIndex>: Añadiendo índice a la palabra: "de"
[2023-12-11 18:41:02](INFO)<psp.unidad02.actividad205.indexes.SharedIndex>: Añadiendo índice a la palabra: "una"
[2023-12-11 18:41:02](INFO)<psp.unidad02.actividad205.indexes.SharedIndex>: Añadiendo índice a la palabra: "manera"
[2023-12-11 18:41:02](INFO)<psp.unidad02.actividad205.indexes.SharedIndex>: Añadiendo índice a la palabra: "muy"
[2023-12-11 18:41:02](INFO)<psp.unidad02.actividad205.indexes.SharedIndex>: Añadiendo índice a la palabra: "precisa"
[2023-12-11 18:41:02](INFO)<psp.unidad02.actividad205.indexes.SharedIndex>: Añadiendo índice a la palabra: "qué"
[2023-12-11 18:41:02](INFO)<psp.unidad02.actividad205.indexes.SharedIndex>: Añadiendo índice a la palabra: "tiene"
[2023-12-11 18:41:02](INFO)<psp.unidad02.actividad205.indexes.SharedIndex>: Añadiendo índice a la palabra: "que"
[2023-12-11 18:41:02](INFO)<psp.unidad02.actividad205.indexes.SharedIndex>: Añadiendo índice a la palabra: "hacer"
[2023-12-11 18:41:02](INFO)<psp.unidad02.actividad205.indexes.SharedIndex>: Añadiendo índice a la palabra: "en"
[2023-12-11 18:41:02](INFO)<psp.unidad02.actividad205.indexes.SharedIndex>: Añadiendo índice a la palabra: "cada"
[2023-12-11 18:41:02](INFO)<psp.unidad02.actividad205.indexes.SharedIndex>: Añadiendo índice a la palabra: "momento"
[2023-12-11 18:41:02](INFO)<psp.unidad02.actividad205.indexes.SharedIndex>: Añadiendo índice a la palabra: "java"
[2023-12-11 18:41:02](INFO)<psp.unidad02.actividad205.indexes.SharedIndex>: Añadiendo índice a la palabra: "es"
[2023-12-11 18:41:02](INFO)<psp.unidad02.actividad205.indexes.SharedIndex>: Añadiendo índice a la palabra: "un"
[2023-12-11 18:41:02](INFO)<psp.unidad02.actividad205.indexes.SharedIndex>: Añadiendo índice a la palabra: "lenguaje"
[2023-12-11 18:41:02](INFO)<psp.unidad02.actividad205.indexes.SharedIndex>: Añadiendo índice a la palabra: "de"
[2023-12-11 18:41:02](INFO)<psp.unidad02.actividad205.indexes.SharedIndex>: Añadiendo índice a la palabra: "programación"
[2023-12-11 18:41:02](INFO)<psp.unidad02.actividad205.indexes.SharedIndex>: Añadiendo índice a la palabra: "estructurado"
[2023-12-11 18:41:02](INFO)<psp.unidad02.actividad205.indexes.SharedIndex>: Añadiendo índice a la palabra: "y"
[2023-12-11 18:41:02](INFO)<psp.unidad02.actividad205.indexes.SharedIndex>: Añadiendo índice a la palabra: "como"
[2023-12-11 18:41:02](INFO)<psp.unidad02.actividad205.indexes.SharedIndex>: Añadiendo índice a la palabra: "tal"
[2023-12-11 18:41:02](INFO)<psp.unidad02.actividad205.indexes.SharedIndex>: Añadiendo índice a la palabra: "hace"
[2023-12-11 18:41:02](INFO)<psp.unidad02.actividad205.indexes.SharedIndex>: Añadiendo índice a la palabra: "uso"
[2023-12-11 18:41:02](INFO)<psp.unidad02.actividad205.indexes.SharedIndex>: Añadiendo índice a la palabra: "de"
[2023-12-11 18:41:02](INFO)<psp.unidad02.actividad205.indexes.SharedIndex>: Añadiendo índice a la palabra: "variables"
[2023-12-11 18:41:02](INFO)<psp.unidad02.actividad205.indexes.SharedIndex>: Añadiendo índice a la palabra: "sentencias"
[2023-12-11 18:41:02](INFO)<psp.unidad02.actividad205.indexes.SharedIndex>: Añadiendo índice a la palabra: "condicionales"
[2023-12-11 18:41:02](INFO)<psp.unidad02.actividad205.indexes.SharedIndex>: Añadiendo índice a la palabra: "bucles"
[2023-12-11 18:41:02](INFO)<psp.unidad02.actividad205.indexes.SharedIndex>: Añadiendo índice a la palabra: "funciones"
[2023-12-11 18:41:02](INFO)<psp.unidad02.actividad205.indexes.SharedIndex>: Añadiendo índice a la palabra: "java"
[2023-12-11 18:41:02](INFO)<psp.unidad02.actividad205.indexes.SharedIndex>: Añadiendo índice a la palabra: "es"
[2023-12-11 18:41:02](INFO)<psp.unidad02.actividad205.indexes.SharedIndex>: Añadiendo índice a la palabra: "también"
[2023-12-11 18:41:02](INFO)<psp.unidad02.actividad205.indexes.SharedIndex>: Añadiendo índice a la palabra: "un"
[2023-12-11 18:41:02](INFO)<psp.unidad02.actividad205.indexes.SharedIndex>: Añadiendo índice a la palabra: "lenguaje"
[2023-12-11 18:41:02](INFO)<psp.unidad02.actividad205.indexes.SharedIndex>: Añadiendo índice a la palabra: "de"
[2023-12-11 18:41:02](INFO)<psp.unidad02.actividad205.indexes.SharedIndex>: Añadiendo índice a la palabra: "programación"
[2023-12-11 18:41:02](INFO)<psp.unidad02.actividad205.indexes.SharedIndex>: Añadiendo índice a la palabra: "orientado"
[2023-12-11 18:41:02](INFO)<psp.unidad02.actividad205.indexes.SharedIndex>: Añadiendo índice a la palabra: "a"
[2023-12-11 18:41:02](INFO)<psp.unidad02.actividad205.indexes.SharedIndex>: Añadiendo índice a la palabra: "objetos"
[2023-12-11 18:41:02](INFO)<psp.unidad02.actividad205.indexes.SharedIndex>: Añadiendo índice a la palabra: "y"
[2023-12-11 18:41:02](INFO)<psp.unidad02.actividad205.indexes.SharedIndex>: Añadiendo índice a la palabra: "por"
[2023-12-11 18:41:02](INFO)<psp.unidad02.actividad205.indexes.SharedIndex>: Añadiendo índice a la palabra: "consiguiente"
[2023-12-11 18:41:02](INFO)<psp.unidad02.actividad205.indexes.SharedIndex>: Añadiendo índice a la palabra: "permite"
[2023-12-11 18:41:02](INFO)<psp.unidad02.actividad205.indexes.SharedIndex>: Añadiendo índice a la palabra: "definir"
[2023-12-11 18:41:02](INFO)<psp.unidad02.actividad205.indexes.SharedIndex>: Añadiendo índice a la palabra: "clases"
[2023-12-11 18:41:02](INFO)<psp.unidad02.actividad205.indexes.SharedIndex>: Añadiendo índice a la palabra: "con"
[2023-12-11 18:41:02](INFO)<psp.unidad02.actividad205.indexes.SharedIndex>: Añadiendo índice a la palabra: "sus"
[2023-12-11 18:41:02](INFO)<psp.unidad02.actividad205.indexes.SharedIndex>: Añadiendo índice a la palabra: "métodos"
[2023-12-11 18:41:02](INFO)<psp.unidad02.actividad205.indexes.SharedIndex>: Añadiendo índice a la palabra: "correspondientes"
[2023-12-11 18:41:02](INFO)<psp.unidad02.actividad205.indexes.SharedIndex>: Añadiendo índice a la palabra: "y"
[2023-12-11 18:41:02](INFO)<psp.unidad02.actividad205.indexes.SharedIndex>: Añadiendo índice a la palabra: "crear"
[2023-12-11 18:41:02](INFO)<psp.unidad02.actividad205.indexes.SharedIndex>: Añadiendo índice a la palabra: "instancias"
[2023-12-11 18:41:02](INFO)<psp.unidad02.actividad205.indexes.SharedIndex>: Añadiendo índice a la palabra: "de"
[2023-12-11 18:41:02](INFO)<psp.unidad02.actividad205.indexes.SharedIndex>: Añadiendo índice a la palabra: "esas"
[2023-12-11 18:41:02](INFO)<psp.unidad02.actividad205.indexes.SharedIndex>: Añadiendo índice a la palabra: "clases"
[2023-12-11 18:41:02](INFO)<psp.unidad02.actividad205.indexes.SharedIndex>: Añadiendo índice a la palabra: "java"
[2023-12-11 18:41:02](INFO)<psp.unidad02.actividad205.indexes.SharedIndex>: Añadiendo índice a la palabra: "no"
[2023-12-11 18:41:02](INFO)<psp.unidad02.actividad205.indexes.SharedIndex>: Añadiendo índice a la palabra: "es"
[2023-12-11 18:41:02](INFO)<psp.unidad02.actividad205.indexes.SharedIndex>: Añadiendo índice a la palabra: "un"
[2023-12-11 18:41:02](INFO)<psp.unidad02.actividad205.indexes.SharedIndex>: Añadiendo índice a la palabra: "lenguaje"
[2023-12-11 18:41:02](INFO)<psp.unidad02.actividad205.indexes.SharedIndex>: Añadiendo índice a la palabra: "de"
[2023-12-11 18:41:02](INFO)<psp.unidad02.actividad205.indexes.SharedIndex>: Añadiendo índice a la palabra: "marcas"
[2023-12-11 18:41:02](INFO)<psp.unidad02.actividad205.indexes.SharedIndex>: Añadiendo índice a la palabra: "como"
[2023-12-11 18:41:02](INFO)<psp.unidad02.actividad205.indexes.SharedIndex>: Añadiendo índice a la palabra: "html"
[2023-12-11 18:41:02](INFO)<psp.unidad02.actividad205.indexes.SharedIndex>: Añadiendo índice a la palabra: "o"
[2023-12-11 18:41:02](INFO)<psp.unidad02.actividad205.indexes.SharedIndex>: Añadiendo índice a la palabra: "xml"
[2023-12-11 18:41:02](INFO)<psp.unidad02.actividad205.indexes.SharedIndex>: Añadiendo índice a la palabra: "aunque"
[2023-12-11 18:41:02](INFO)<psp.unidad02.actividad205.indexes.SharedIndex>: Añadiendo índice a la palabra: "puede"
[2023-12-11 18:41:02](INFO)<psp.unidad02.actividad205.indexes.SharedIndex>: Añadiendo índice a la palabra: "interactuar"
[2023-12-11 18:41:02](INFO)<psp.unidad02.actividad205.indexes.SharedIndex>: Añadiendo índice a la palabra: "muy"
[2023-12-11 18:41:02](INFO)<psp.unidad02.actividad205.indexes.SharedIndex>: Añadiendo índice a la palabra: "bien"
[2023-12-11 18:41:02](INFO)<psp.unidad02.actividad205.indexes.SharedIndex>: Añadiendo índice a la palabra: "con"
[2023-12-11 18:41:02](INFO)<psp.unidad02.actividad205.indexes.SharedIndex>: Añadiendo índice a la palabra: "ellos"
[2023-12-11 18:41:02](INFO)<psp.unidad02.actividad205.indexes.SharedIndex>: Añadiendo índice a la palabra: "las"
[2023-12-11 18:41:02](INFO)<psp.unidad02.actividad205.indexes.SharedIndex>: Añadiendo índice a la palabra: "aplicaciones"
[2023-12-11 18:41:02](INFO)<psp.unidad02.actividad205.indexes.SharedIndex>: Añadiendo índice a la palabra: "java"
[2023-12-11 18:41:02](INFO)<psp.unidad02.actividad205.indexes.SharedIndex>: Añadiendo índice a la palabra: "se"
[2023-12-11 18:41:02](INFO)<psp.unidad02.actividad205.indexes.SharedIndex>: Añadiendo índice a la palabra: "suelen"
[2023-12-11 18:41:02](INFO)<psp.unidad02.actividad205.indexes.SharedIndex>: Añadiendo índice a la palabra: "compilar"
[2023-12-11 18:41:02](INFO)<psp.unidad02.actividad205.indexes.SharedIndex>: Añadiendo índice a la palabra: "a"
[2023-12-11 18:41:02](INFO)<psp.unidad02.actividad205.indexes.SharedIndex>: Añadiendo índice a la palabra: "bytecode"
[2023-12-11 18:41:02](INFO)<psp.unidad02.actividad205.indexes.SharedIndex>: Añadiendo índice a la palabra: "que"
[2023-12-11 18:41:02](INFO)<psp.unidad02.actividad205.indexes.SharedIndex>: Añadiendo índice a la palabra: "es"
[2023-12-11 18:41:02](INFO)<psp.unidad02.actividad205.indexes.SharedIndex>: Añadiendo índice a la palabra: "independiente"
[2023-12-11 18:41:02](INFO)<psp.unidad02.actividad205.indexes.SharedIndex>: Añadiendo índice a la palabra: "del"
[2023-12-11 18:41:02](INFO)<psp.unidad02.actividad205.indexes.SharedIndex>: Añadiendo índice a la palabra: "sistema"
[2023-12-11 18:41:02](INFO)<psp.unidad02.actividad205.indexes.SharedIndex>: Añadiendo índice a la palabra: "operativo"
[2023-12-11 18:41:02](INFO)<psp.unidad02.actividad205.indexes.SharedIndex>: Añadiendo índice a la palabra: "no"
[2023-12-11 18:41:02](INFO)<psp.unidad02.actividad205.indexes.SharedIndex>: Añadiendo índice a la palabra: "a"
[2023-12-11 18:41:02](INFO)<psp.unidad02.actividad205.indexes.SharedIndex>: Añadiendo índice a la palabra: "binario"
[2023-12-11 18:41:02](INFO)<psp.unidad02.actividad205.indexes.SharedIndex>: Añadiendo índice a la palabra: "que"
[2023-12-11 18:41:02](INFO)<psp.unidad02.actividad205.indexes.SharedIndex>: Añadiendo índice a la palabra: "sí"
[2023-12-11 18:41:02](INFO)<psp.unidad02.actividad205.indexes.SharedIndex>: Añadiendo índice a la palabra: "depende"
[2023-12-11 18:41:02](INFO)<psp.unidad02.actividad205.indexes.SharedIndex>: Añadiendo índice a la palabra: "del"
[2023-12-11 18:41:02](INFO)<psp.unidad02.actividad205.indexes.SharedIndex>: Añadiendo índice a la palabra: "sistema"
[2023-12-11 18:41:02](INFO)<psp.unidad02.actividad205.indexes.SharedIndex>: Añadiendo índice a la palabra: "operativo"
[2023-12-11 18:41:02](INFO)<psp.unidad02.actividad205.indexes.SharedIndex>: Añadiendo índice a la palabra: "de"
[2023-12-11 18:41:02](INFO)<psp.unidad02.actividad205.indexes.SharedIndex>: Añadiendo índice a la palabra: "esta"
[2023-12-11 18:41:02](INFO)<psp.unidad02.actividad205.indexes.SharedIndex>: Añadiendo índice a la palabra: "forma"
[2023-12-11 18:41:02](INFO)<psp.unidad02.actividad205.indexes.SharedIndex>: Añadiendo índice a la palabra: "el"
[2023-12-11 18:41:02](INFO)<psp.unidad02.actividad205.indexes.SharedIndex>: Añadiendo índice a la palabra: "bytecode"
[2023-12-11 18:41:02](INFO)<psp.unidad02.actividad205.indexes.SharedIndex>: Añadiendo índice a la palabra: "generado"
[2023-12-11 18:41:02](INFO)<psp.unidad02.actividad205.indexes.SharedIndex>: Añadiendo índice a la palabra: "al"
[2023-12-11 18:41:02](INFO)<psp.unidad02.actividad205.indexes.SharedIndex>: Añadiendo índice a la palabra: "compilar"
[2023-12-11 18:41:02](INFO)<psp.unidad02.actividad205.indexes.SharedIndex>: Añadiendo índice a la palabra: "un"
[2023-12-11 18:41:02](INFO)<psp.unidad02.actividad205.indexes.SharedIndex>: Añadiendo índice a la palabra: "programa"
[2023-12-11 18:41:02](INFO)<psp.unidad02.actividad205.indexes.SharedIndex>: Añadiendo índice a la palabra: "escrito"
[2023-12-11 18:41:02](INFO)<psp.unidad02.actividad205.indexes.SharedIndex>: Añadiendo índice a la palabra: "en"
[2023-12-11 18:41:02](INFO)<psp.unidad02.actividad205.indexes.SharedIndex>: Añadiendo índice a la palabra: "java"
[2023-12-11 18:41:02](INFO)<psp.unidad02.actividad205.indexes.SharedIndex>: Añadiendo índice a la palabra: "debería"
[2023-12-11 18:41:02](INFO)<psp.unidad02.actividad205.indexes.SharedIndex>: Añadiendo índice a la palabra: "funcionar"
[2023-12-11 18:41:02](INFO)<psp.unidad02.actividad205.indexes.SharedIndex>: Añadiendo índice a la palabra: "en"
[2023-12-11 18:41:02](INFO)<psp.unidad02.actividad205.indexes.SharedIndex>: Añadiendo índice a la palabra: "cualquier"
[2023-12-11 18:41:02](INFO)<psp.unidad02.actividad205.indexes.SharedIndex>: Añadiendo índice a la palabra: "sistema"
[2023-12-11 18:41:02](INFO)<psp.unidad02.actividad205.indexes.SharedIndex>: Añadiendo índice a la palabra: "operativo"
[2023-12-11 18:41:02](INFO)<psp.unidad02.actividad205.indexes.SharedIndex>: Añadiendo índice a la palabra: "que"
[2023-12-11 18:41:02](INFO)<psp.unidad02.actividad205.indexes.SharedIndex>: Añadiendo índice a la palabra: "tenga"
[2023-12-11 18:41:02](INFO)<psp.unidad02.actividad205.indexes.SharedIndex>: Añadiendo índice a la palabra: "instalada"
[2023-12-11 18:41:02](INFO)<psp.unidad02.actividad205.indexes.SharedIndex>: Añadiendo índice a la palabra: "una"
[2023-12-11 18:41:02](INFO)<psp.unidad02.actividad205.indexes.SharedIndex>: Añadiendo índice a la palabra: "máquina"
[2023-12-11 18:41:02](INFO)<psp.unidad02.actividad205.indexes.SharedIndex>: Añadiendo índice a la palabra: "virtual"
[2023-12-11 18:41:02](INFO)<psp.unidad02.actividad205.indexes.SharedIndex>: Añadiendo índice a la palabra: "de"
[2023-12-11 18:41:02](INFO)<psp.unidad02.actividad205.indexes.SharedIndex>: Añadiendo índice a la palabra: "java"
[2023-12-11 18:41:02](INFO)<psp.unidad02.actividad205.indexes.SharedIndex>: Añadiendo índice a la palabra: "jvm"
[2023-12-11 18:41:02](INFO)<psp.unidad02.actividad205.threads.WorkerThread>: Hilo worker terminó. ID: 2
[2023-12-11 18:41:03](INFO)<psp.unidad02.actividad205.threads.Dispatcher>: Archivo detectado
[2023-12-11 18:41:03](INFO)<psp.unidad02.actividad205.threads.Dispatcher>: El archivo (input\fin.end) indica fin.
[2023-12-11 18:41:03](INFO)<psp.unidad02.actividad205.threads.Dispatcher>: Acabando monitorización
[2023-12-11 18:41:03](INFO)<psp.unidad02.actividad205.threads.Dispatcher>: Esperando a que termine el hilo...
[2023-12-11 18:41:03](INFO)<psp.unidad02.actividad205.threads.Dispatcher>: Esperando a que termine el hilo...
[2023-12-11 18:41:03](INFO)<psp.unidad02.actividad205.utils.IndexServerFileWriter>: Escribiendo información del StringBuilder...
[2023-12-11 18:41:03](INFO)<psp.unidad02.actividad205.IndexServer>: Fin de la aplicación
